This file contains any messages produced by compilers while
running configure, to aid debugging if configure makes a mistake.

It was created by configure, which was
generated by GNU Autoconf 2.69.  Invocation command line was

  $ ./configure 

## --------- ##
## Platform. ##
## --------- ##

hostname = Atlas
uname -m = x86_64
uname -r = 5.8.0-50-generic
uname -s = Linux
uname -v = #56~20.04.1-Ubuntu SMP Mon Apr 12 21:46:35 UTC 2021

/usr/bin/uname -p = x86_64
/bin/uname -X     = unknown

/bin/arch              = x86_64
/usr/bin/arch -k       = unknown
/usr/convex/getsysinfo = unknown
/usr/bin/hostinfo      = unknown
/bin/machine           = unknown
/usr/bin/oslevel       = unknown
/bin/universe          = unknown

PATH: /home/cehaga/anaconda3/condabin
PATH: /usr/local/sbin
PATH: /usr/local/bin
PATH: /usr/sbin
PATH: /usr/bin
PATH: /sbin
PATH: /bin
PATH: /usr/games
PATH: /usr/local/games
PATH: /snap/bin


## ----------- ##
## Core tests. ##
## ----------- ##

configure:2599: checking build system type
configure:2613: result: x86_64-pc-linux-gnu
configure:2633: checking host system type
configure:2646: result: x86_64-pc-linux-gnu
configure:2730: checking for gcc
configure:2746: found /usr/bin/gcc
configure:2757: result: gcc
configure:2986: checking for C compiler version
configure:2995: gcc --version >&5
gcc (Ubuntu 9.3.0-17ubuntu1~20.04) 9.3.0
Copyright (C) 2019 Free Software Foundation, Inc.
This is free software; see the source for copying conditions.  There is NO
warranty; not even for MERCHANTABILITY or FITNESS FOR A PARTICULAR PURPOSE.

configure:3006: $? = 0
configure:2995: gcc -v >&5
Using built-in specs.
COLLECT_GCC=gcc
COLLECT_LTO_WRAPPER=/usr/lib/gcc/x86_64-linux-gnu/9/lto-wrapper
OFFLOAD_TARGET_NAMES=nvptx-none:hsa
OFFLOAD_TARGET_DEFAULT=1
Target: x86_64-linux-gnu
Configured with: ../src/configure -v --with-pkgversion='Ubuntu 9.3.0-17ubuntu1~20.04' --with-bugurl=file:///usr/share/doc/gcc-9/README.Bugs --enable-languages=c,ada,c++,go,brig,d,fortran,objc,obj-c++,gm2 --prefix=/usr --with-gcc-major-version-only --program-suffix=-9 --program-prefix=x86_64-linux-gnu- --enable-shared --enable-linker-build-id --libexecdir=/usr/lib --without-included-gettext --enable-threads=posix --libdir=/usr/lib --enable-nls --enable-clocale=gnu --enable-libstdcxx-debug --enable-libstdcxx-time=yes --with-default-libstdcxx-abi=new --enable-gnu-unique-object --disable-vtable-verify --enable-plugin --enable-default-pie --with-system-zlib --with-target-system-zlib=auto --enable-objc-gc=auto --enable-multiarch --disable-werror --with-arch-32=i686 --with-abi=m64 --with-multilib-list=m32,m64,mx32 --enable-multilib --with-tune=generic --enable-offload-targets=nvptx-none=/build/gcc-9-HskZEa/gcc-9-9.3.0/debian/tmp-nvptx/usr,hsa --without-cuda-driver --enable-checking=release --build=x86_64-linux-gnu --host=x86_64-linux-gnu --target=x86_64-linux-gnu
Thread model: posix
gcc version 9.3.0 (Ubuntu 9.3.0-17ubuntu1~20.04) 
configure:3006: $? = 0
configure:2995: gcc -V >&5
gcc: error: unrecognized command line option '-V'
gcc: fatal error: no input files
compilation terminated.
configure:3006: $? = 1
configure:2995: gcc -qversion >&5
gcc: error: unrecognized command line option '-qversion'; did you mean '--version'?
gcc: fatal error: no input files
compilation terminated.
configure:3006: $? = 1
configure:3026: checking whether the C compiler works
configure:3048: gcc    conftest.c  >&5
configure:3052: $? = 0
configure:3100: result: yes
configure:3103: checking for C compiler default output file name
configure:3105: result: a.out
configure:3111: checking for suffix of executables
configure:3118: gcc -o conftest    conftest.c  >&5
configure:3122: $? = 0
configure:3144: result: 
configure:3166: checking whether we are cross compiling
configure:3174: gcc -o conftest    conftest.c  >&5
configure:3178: $? = 0
configure:3185: ./conftest
configure:3189: $? = 0
configure:3177: result: no
configure:3182: checking for suffix of object files
configure:3204: gcc -c   conftest.c >&5
configure:3208: $? = 0
configure:3229: result: o
configure:3233: checking whether we are using the GNU C compiler
configure:3252: gcc -c   conftest.c >&5
configure:3252: $? = 0
configure:3261: result: yes
configure:3270: checking whether gcc accepts -g
configure:3290: gcc -c -g  conftest.c >&5
configure:3290: $? = 0
configure:3331: result: yes
configure:3348: checking for gcc option to accept ISO C89
configure:3411: gcc  -c -g -O2  conftest.c >&5
configure:3411: $? = 0
configure:3424: result: none needed
configure:3454: checking for special C compiler options needed for large files
configure:3499: result: no
configure:3505: checking for _FILE_OFFSET_BITS value needed for large files
configure:3530: gcc -c   conftest.c >&5
configure:3530: $? = 0
configure:3562: result: no
configure:3718: checking if gcc supports -O4 -Werror flags
configure:3734: gcc -c -O4 -Werror  conftest.c >&5
configure:3734: $? = 0
configure:3741: result: yes
configure:3827: checking for sys/wait.h that is POSIX.1 compatible
configure:3853: gcc -c  -O4  conftest.c >&5
configure:3853: $? = 0
configure:3860: result: yes
configure:3873: checking how to run the C preprocessor
configure:3904: gcc -E  conftest.c
configure:3904: $? = 0
configure:3918: gcc -E  conftest.c
conftest.c:10:10: fatal error: ac_nonexistent.h: No such file or directory
   10 | #include <ac_nonexistent.h>
      |          ^~~~~~~~~~~~~~~~~~
compilation terminated.
configure:3918: $? = 1
configure: failed program was:
| /* confdefs.h */
| #define PACKAGE_NAME ""
| #define PACKAGE_TARNAME ""
| #define PACKAGE_VERSION ""
| #define PACKAGE_STRING ""
| #define PACKAGE_BUGREPORT ""
| #define PACKAGE_URL ""
| #define HAVE_SYS_WAIT_H 1
| /* end confdefs.h.  */
| #include <ac_nonexistent.h>
configure:3943: result: gcc -E
configure:3963: gcc -E  conftest.c
configure:3963: $? = 0
configure:3977: gcc -E  conftest.c
conftest.c:10:10: fatal error: ac_nonexistent.h: No such file or directory
   10 | #include <ac_nonexistent.h>
      |          ^~~~~~~~~~~~~~~~~~
compilation terminated.
configure:3977: $? = 1
configure: failed program was:
| /* confdefs.h */
| #define PACKAGE_NAME ""
| #define PACKAGE_TARNAME ""
| #define PACKAGE_VERSION ""
| #define PACKAGE_STRING ""
| #define PACKAGE_BUGREPORT ""
| #define PACKAGE_URL ""
| #define HAVE_SYS_WAIT_H 1
| /* end confdefs.h.  */
| #include <ac_nonexistent.h>
configure:4006: checking for grep that handles long lines and -e
configure:4064: result: /usr/bin/grep
configure:4069: checking for egrep
configure:4131: result: /usr/bin/grep -E
configure:4136: checking for ANSI C header files
configure:4156: gcc -c  -O4  conftest.c >&5
configure:4156: $? = 0
configure:4229: gcc -o conftest  -O4   conftest.c  >&5
configure:4229: $? = 0
configure:4229: ./conftest
configure:4229: $? = 0
configure:4240: result: yes
configure:4253: checking for sys/types.h
configure:4253: gcc -c  -O4  conftest.c >&5
configure:4253: $? = 0
configure:4253: result: yes
configure:4253: checking for sys/stat.h
configure:4253: gcc -c  -O4  conftest.c >&5
configure:4253: $? = 0
configure:4253: result: yes
configure:4253: checking for stdlib.h
configure:4253: gcc -c  -O4  conftest.c >&5
configure:4253: $? = 0
configure:4253: result: yes
configure:4253: checking for string.h
configure:4253: gcc -c  -O4  conftest.c >&5
configure:4253: $? = 0
configure:4253: result: yes
configure:4253: checking for memory.h
configure:4253: gcc -c  -O4  conftest.c >&5
configure:4253: $? = 0
configure:4253: result: yes
configure:4253: checking for strings.h
configure:4253: gcc -c  -O4  conftest.c >&5
configure:4253: $? = 0
configure:4253: result: yes
configure:4253: checking for inttypes.h
configure:4253: gcc -c  -O4  conftest.c >&5
configure:4253: $? = 0
configure:4253: result: yes
configure:4253: checking for stdint.h
configure:4253: gcc -c  -O4  conftest.c >&5
configure:4253: $? = 0
configure:4253: result: yes
configure:4253: checking for unistd.h
configure:4253: gcc -c  -O4  conftest.c >&5
configure:4253: $? = 0
configure:4253: result: yes
configure:4268: checking signal.h usability
configure:4268: gcc -c  -O4  conftest.c >&5
configure:4268: $? = 0
configure:4268: result: yes
configure:4268: checking signal.h presence
configure:4268: gcc -E  conftest.c
configure:4268: $? = 0
configure:4268: result: yes
configure:4268: checking for signal.h
configure:4268: result: yes
configure:4268: checking stddef.h usability
configure:4268: gcc -c  -O4  conftest.c >&5
configure:4268: $? = 0
configure:4268: result: yes
configure:4268: checking stddef.h presence
configure:4268: gcc -E  conftest.c
configure:4268: $? = 0
configure:4268: result: yes
configure:4268: checking for stddef.h
configure:4268: result: yes
configure:4268: checking for unistd.h
configure:4268: result: yes
configure:4268: checking for sys/types.h
configure:4268: result: yes
configure:4268: checking for sys/wait.h
configure:4268: result: yes
configure:4268: checking for stdlib.h
configure:4268: result: yes
configure:4268: checking for string.h
configure:4268: result: yes
configure:4268: checking errno.h usability
configure:4268: gcc -c  -O4  conftest.c >&5
configure:4268: $? = 0
configure:4268: result: yes
configure:4268: checking errno.h presence
configure:4268: gcc -E  conftest.c

## ---------------- ##
## Cache variables. ##
## ---------------- ##

ac_cv_build=x86_64-pc-linux-gnu
ac_cv_c_compiler_gnu=yes
ac_cv_env_CC_set=
ac_cv_env_CC_value=
ac_cv_env_CFLAGS_set=
ac_cv_env_CFLAGS_value=
ac_cv_env_CPPFLAGS_set=
ac_cv_env_CPPFLAGS_value=
ac_cv_env_CPP_set=
ac_cv_env_CPP_value=
ac_cv_env_LDFLAGS_set=
ac_cv_env_LDFLAGS_value=
ac_cv_env_LIBS_set=
ac_cv_env_LIBS_value=
ac_cv_env_build_alias_set=
ac_cv_env_build_alias_value=
ac_cv_env_host_alias_set=
ac_cv_env_host_alias_value=
ac_cv_env_target_alias_set=
ac_cv_env_target_alias_value=
ac_cv_header_inttypes_h=yes
ac_cv_header_memory_h=yes
ac_cv_header_signal_h=yes
ac_cv_header_stdc=yes
ac_cv_header_stddef_h=yes
ac_cv_header_stdint_h=yes
ac_cv_header_stdlib_h=yes
ac_cv_header_string_h=yes
ac_cv_header_strings_h=yes
ac_cv_header_sys_stat_h=yes
ac_cv_header_sys_types_h=yes
ac_cv_header_sys_wait_h=yes
ac_cv_header_unistd_h=yes
ac_cv_host=x86_64-pc-linux-gnu
ac_cv_objext=o
ac_cv_path_EGREP='/usr/bin/grep -E'
ac_cv_path_GREP=/usr/bin/grep
ac_cv_prog_CPP='gcc -E'
ac_cv_prog_ac_ct_CC=gcc
ac_cv_prog_cc_c89=
ac_cv_prog_cc_g=yes
ac_cv_sys_file_offset_bits=0
ac_cv_sys_largefile_CC=no
ac_cv_try_cflags_ok=yes

## ----------------- ##
## Output variables. ##
## ----------------- ##

CC='gcc'
CFLAGS=' -O4'
CPP='gcc -E'
CPPFLAGS=''
DEFS=''
ECHO_C=''
ECHO_N='-n'
ECHO_T=''
EGREP='/usr/bin/grep -E'
EXEEXT=''
GREP='/usr/bin/grep'
LDFLAGS=''
LIBOBJS=''
LIBS=''
LTLIBOBJS=''
MORECFLAGS=''
OBJEXT='o'
PACKAGE_BUGREPORT=''
PACKAGE_NAME=''
PACKAGE_STRING=''
PACKAGE_TARNAME=''
PACKAGE_URL=''
PACKAGE_VERSION=''
PATH_SEPARATOR=':'
SHELL='/bin/bash'
ac_ct_CC='gcc'
ac_cv_sizeof___int128=''
ac_cv_sizeof___int128_t=''
ac_cv_sizeof_int=''
ac_cv_sizeof_long=''
ac_cv_sizeof_long_long=''
ac_cv_sizeof_voidp=''
ac_cv_sys_file_offset_bits='0'
ac_cv_tls=''
allow_interrupt='1'
bindir='${exec_prefix}/bin'
build='x86_64-pc-linux-gnu'
build_alias=''
build_cpu='x86_64'
build_os='linux-gnu'
build_vendor='pc'
datadir='${datarootdir}'
datarootdir='${prefix}/share'
default_wordsize='0'
docdir='${datarootdir}/doc/${PACKAGE}'
dvidir='${docdir}'
edit_msg=''
exec_prefix='NONE'
fdopen_dec=''
ftell_dec=''
has_math_inf=''
have_ansicontrols=''
have_clz=''
have_clzl=''
have_clzll=''
have_fork=''
have_fseeko=''
have_getrusage=''
have_gettimeofday=''
have_hwlzcnt=''
have_hwpopcnt=''
have_isatty=''
have_mmpop32=''
have_mmpop64=''
have_perror=''
have_pid_t=''
have_pipe=''
have_popcnt=''
have_popcntl=''
have_popcntll=''
have_popen=''
have_pthread=''
have_putenv=''
have_setenv=''
have_sigaction=''
have_sigprocmask=''
have_time=''
have_times=''
have_tls=''
have_wait=''
header_errno_h=''
header_limits_h=''
header_pthread_h=''
header_signal_h=''
header_stddef_h=''
header_stdint_h=''
header_stdlib_h=''
header_string_h=''
header_sys_types_h=''
header_sys_wait_h=''
header_unistd_h=''
host='x86_64-pc-linux-gnu'
host_alias=''
host_cpu='x86_64'
host_os='linux-gnu'
host_vendor='pc'
htmldir='${docdir}'
includedir='${prefix}/include'
infodir='${datarootdir}/info'
libdir='${exec_prefix}/lib'
libexecdir='${exec_prefix}/libexec'
localedir='${datarootdir}/locale'
localstatedir='${prefix}/var'
lok=''
malloc_dec=''
mandir='${datarootdir}/man'
oldincludedir='/usr/include'
pdfdir='${docdir}'
popen_dec=''
prefix='NONE'
program_transform_name='s,x,x,'
psdir='${docdir}'
putenv_dec=''
sbindir='${exec_prefix}/sbin'
setenv_dec=''
sharedstatedir='${prefix}/com'
shortg_or_null=''
sort_newparams_ok=''
sort_prog=''
stdio_nolock=''
sysconfdir='${prefix}/etc'
target_alias=''
testprogs=''
threadlib=''

## ----------- ##
## confdefs.h. ##
## ----------- ##

/* confdefs.h */
#define PACKAGE_NAME ""
#define PACKAGE_TARNAME ""
#define PACKAGE_VERSION ""
#define PACKAGE_STRING ""
#define PACKAGE_BUGREPORT ""
#define PACKAGE_URL ""
#define HAVE_SYS_WAIT_H 1
#define STDC_HEADERS 1
#define HAVE_SYS_TYPES_H 1
#define HAVE_SYS_STAT_H 1
#define HAVE_STDLIB_H 1
#define HAVE_STRING_H 1
#define HAVE_MEMORY_H 1
#define HAVE_STRINGS_H 1
#define HAVE_INTTYPES_H 1
#define HAVE_STDINT_H 1
#define HAVE_UNISTD_H 1
#define HAVE_SIGNAL_H 1
#define HAVE_STDDEF_H 1
#define HAVE_UNISTD_H 1
#define HAVE_SYS_TYPES_H 1
#define HAVE_SYS_WAIT_H 1
#define HAVE_STDLIB_H 1
#define HAVE_STRING_H 1

configure: caught signal 2
configure: exit 1
